0 info it worked if it ends with ok
1 verbose cli [ '/usr/local/bin/node',
1 verbose cli   '/usr/local/bin/npm',
1 verbose cli   'install',
1 verbose cli   '-g',
1 verbose cli   'diff-highlight' ]
2 info using npm@1.3.8
3 info using node@v0.10.17
4 verbose cache add [ 'diff-highlight', null ]
5 verbose cache add name=undefined spec="diff-highlight" args=["diff-highlight",null]
6 verbose parsed url { protocol: null,
6 verbose parsed url   slashes: null,
6 verbose parsed url   auth: null,
6 verbose parsed url   host: null,
6 verbose parsed url   port: null,
6 verbose parsed url   hostname: null,
6 verbose parsed url   hash: null,
6 verbose parsed url   search: null,
6 verbose parsed url   query: null,
6 verbose parsed url   pathname: 'diff-highlight',
6 verbose parsed url   path: 'diff-highlight',
6 verbose parsed url   href: 'diff-highlight' }
7 silly lockFile 84ce1020-diff-highlight diff-highlight
8 verbose lock diff-highlight /Users/andrewpomeroy/.npm/84ce1020-diff-highlight.lock
9 silly lockFile 84ce1020-diff-highlight diff-highlight
10 silly lockFile 84ce1020-diff-highlight diff-highlight
11 verbose addNamed [ 'diff-highlight', '' ]
12 verbose addNamed [ null, '*' ]
13 silly lockFile a43c7a8a-diff-highlight diff-highlight@
14 verbose lock diff-highlight@ /Users/andrewpomeroy/.npm/a43c7a8a-diff-highlight.lock
15 silly addNameRange { name: 'diff-highlight', range: '*', hasData: false }
16 verbose url raw diff-highlight
17 verbose url resolving [ 'https://registry.npmjs.org/', './diff-highlight' ]
18 verbose url resolved https://registry.npmjs.org/diff-highlight
19 info trying registry request attempt 1 at 00:29:53
20 http GET https://registry.npmjs.org/diff-highlight
21 http 404 https://registry.npmjs.org/diff-highlight
22 silly registry.get cb [ 404,
22 silly registry.get   { date: 'Thu, 27 Mar 2014 07:29:54 GMT',
22 silly registry.get     server: 'CouchDB/1.5.0 (Erlang OTP/R14B04)',
22 silly registry.get     'content-type': 'application/json',
22 silly registry.get     via: '1.1 varnish',
22 silly registry.get     'cache-control': 'max-age=0',
22 silly registry.get     'content-length': '52',
22 silly registry.get     'accept-ranges': 'bytes',
22 silly registry.get     age: '0',
22 silly registry.get     'x-served-by': 'cache-v42-ASH, cache-lax1423-LAX',
22 silly registry.get     'x-cache': 'MISS, MISS',
22 silly registry.get     'x-cache-hits': '0, 0',
22 silly registry.get     'x-timer': 'S1395905394.754672766,VS0,VS-300,VE-203,VE160',
22 silly registry.get     'keep-alive': 'timeout=10, max=50',
22 silly registry.get     connection: 'Keep-Alive' } ]
23 silly lockFile a43c7a8a-diff-highlight diff-highlight@
24 silly lockFile a43c7a8a-diff-highlight diff-highlight@
25 error 404 'diff-highlight' is not in the npm registry.
25 error 404 You should bug the author to publish it
25 error 404
25 error 404 Note that you can also install from a
25 error 404 tarball, folder, or http url, or git url.
26 error System Darwin 13.1.0
27 error command "/usr/local/bin/node" "/usr/local/bin/npm" "install" "-g" "diff-highlight"
28 error cwd /Users/andrewpomeroy/Sites/roots
29 error node -v v0.10.17
30 error npm -v 1.3.8
31 error code E404
32 verbose exit [ 1, true ]
